Using Spark's default log4j profile: org/apache/spark/log4j-defaults.properties
18/12/03 15:03:56 INFO SparkContext: Running Spark version 1.5.2
18/12/03 15:03:56 WARN NativeCodeLoader: Unable to load native-hadoop library for your platform... using builtin-java classes where applicable
18/12/03 15:03:56 INFO SecurityManager: Changing view acls to: dbpr
18/12/03 15:03:56 INFO SecurityManager: Changing modify acls to: dbpr
18/12/03 15:03:56 INFO SecurityManager: SecurityManager: authentication disabled; ui acls disabled; users with view permissions: Set(dbpr); users with modify permissions: Set(dbpr)
18/12/03 15:03:57 INFO Slf4jLogger: Slf4jLogger started
18/12/03 15:03:57 INFO Remoting: Starting remoting
18/12/03 15:03:57 INFO Remoting: Remoting started; listening on addresses :[akka.tcp://sparkDriver@198.202.118.164:46562]
18/12/03 15:03:57 INFO Utils: Successfully started service 'sparkDriver' on port 46562.
18/12/03 15:03:57 INFO SparkEnv: Registering MapOutputTracker
18/12/03 15:03:57 INFO SparkEnv: Registering BlockManagerMaster
18/12/03 15:03:57 INFO DiskBlockManager: Created local directory at /tmp/blockmgr-1ea81569-0d44-4a08-9d02-3417aa33ffc8
18/12/03 15:03:57 INFO MemoryStore: MemoryStore started with capacity 530.0 MB
18/12/03 15:03:57 INFO HttpFileServer: HTTP File server directory is /tmp/spark-3622e7ce-1e8d-456a-9965-015a037a0ad1/httpd-bc2d94f9-e231-499c-9ee0-81d795478a62
18/12/03 15:03:57 INFO HttpServer: Starting HTTP Server
18/12/03 15:03:57 INFO Utils: Successfully started service 'HTTP file server' on port 40954.
18/12/03 15:03:57 INFO SparkEnv: Registering OutputCommitCoordinator
18/12/03 15:03:57 INFO Utils: Successfully started service 'SparkUI' on port 4040.
18/12/03 15:03:57 INFO SparkUI: Started SparkUI at http://198.202.118.164:4040
18/12/03 15:03:57 INFO SparkContext: Added JAR file:/home/dbpr/project7/movie.jar at http://198.202.118.164:40954/jars/movie.jar with timestamp 1543878237992
18/12/03 15:03:58 WARN MetricsSystem: Using default name DAGScheduler for source because spark.app.id is not set.
18/12/03 15:03:58 INFO Executor: Starting executor ID driver on host localhost
18/12/03 15:03:58 INFO Utils: Successfully started service 'org.apache.spark.network.netty.NettyBlockTransferService' on port 34821.
18/12/03 15:03:58 INFO NettyBlockTransferService: Server created on 34821
18/12/03 15:03:58 INFO BlockManagerMaster: Trying to register BlockManager
18/12/03 15:03:58 INFO BlockManagerMasterEndpoint: Registering block manager localhost:34821 with 530.0 MB RAM, BlockManagerId(driver, localhost, 34821)
18/12/03 15:03:58 INFO BlockManagerMaster: Registered BlockManager
18/12/03 15:03:59 INFO MemoryStore: ensureFreeSpace(120040) called with curMem=0, maxMem=555755765
18/12/03 15:03:59 INFO MemoryStore: Block broadcast_0 stored as values in memory (estimated size 117.2 KB, free 529.9 MB)
18/12/03 15:03:59 INFO MemoryStore: ensureFreeSpace(12673) called with curMem=120040, maxMem=555755765
18/12/03 15:03:59 INFO MemoryStore: Block broadcast_0_piece0 stored as bytes in memory (estimated size 12.4 KB, free 529.9 MB)
18/12/03 15:03:59 INFO BlockManagerInfo: Added broadcast_0_piece0 in memory on localhost:34821 (size: 12.4 KB, free: 530.0 MB)
18/12/03 15:03:59 INFO SparkContext: Created broadcast 0 from textFile at Movie.scala:13
18/12/03 15:03:59 INFO FileInputFormat: Total input paths to process : 1
18/12/03 15:03:59 INFO SparkContext: Starting job: collect at Movie.scala:23
18/12/03 15:03:59 INFO DAGScheduler: Registering RDD 3 (map at Movie.scala:16)
18/12/03 15:03:59 INFO DAGScheduler: Got job 0 (collect at Movie.scala:23) with 2 output partitions
18/12/03 15:03:59 INFO DAGScheduler: Final stage: ResultStage 1(collect at Movie.scala:23)
18/12/03 15:03:59 INFO DAGScheduler: Parents of final stage: List(ShuffleMapStage 0)
18/12/03 15:03:59 INFO DAGScheduler: Missing parents: List(ShuffleMapStage 0)
18/12/03 15:04:00 INFO DAGScheduler: Submitting ShuffleMapStage 0 (MapPartitionsRDD[3] at map at Movie.scala:16), which has no missing parents
18/12/03 15:04:00 INFO MemoryStore: ensureFreeSpace(4784) called with curMem=132713, maxMem=555755765
18/12/03 15:04:00 INFO MemoryStore: Block broadcast_1 stored as values in memory (estimated size 4.7 KB, free 529.9 MB)
18/12/03 15:04:00 INFO MemoryStore: ensureFreeSpace(2559) called with curMem=137497, maxMem=555755765
18/12/03 15:04:00 INFO MemoryStore: Block broadcast_1_piece0 stored as bytes in memory (estimated size 2.5 KB, free 529.9 MB)
18/12/03 15:04:00 INFO BlockManagerInfo: Added broadcast_1_piece0 in memory on localhost:34821 (size: 2.5 KB, free: 530.0 MB)
18/12/03 15:04:00 INFO SparkContext: Created broadcast 1 from broadcast at DAGScheduler.scala:861
18/12/03 15:04:00 INFO DAGScheduler: Submitting 2 missing tasks from ShuffleMapStage 0 (MapPartitionsRDD[3] at map at Movie.scala:16)
18/12/03 15:04:00 INFO TaskSchedulerImpl: Adding task set 0.0 with 2 tasks
18/12/03 15:04:00 INFO TaskSetManager: Starting task 0.0 in stage 0.0 (TID 0, localhost, PROCESS_LOCAL, 2186 bytes)
18/12/03 15:04:00 INFO TaskSetManager: Starting task 1.0 in stage 0.0 (TID 1, localhost, PROCESS_LOCAL, 2186 bytes)
18/12/03 15:04:00 INFO Executor: Running task 0.0 in stage 0.0 (TID 0)
18/12/03 15:04:00 INFO Executor: Fetching http://198.202.118.164:40954/jars/movie.jar with timestamp 1543878237992
18/12/03 15:04:00 INFO Executor: Running task 1.0 in stage 0.0 (TID 1)
18/12/03 15:04:00 INFO Utils: Fetching http://198.202.118.164:40954/jars/movie.jar to /tmp/spark-3622e7ce-1e8d-456a-9965-015a037a0ad1/userFiles-d8823e7b-c42a-4e30-8612-ff11bf90121f/fetchFileTemp276401883868999328.tmp
18/12/03 15:04:00 INFO Executor: Adding file:/tmp/spark-3622e7ce-1e8d-456a-9965-015a037a0ad1/userFiles-d8823e7b-c42a-4e30-8612-ff11bf90121f/movie.jar to class loader
18/12/03 15:04:00 INFO CacheManager: Partition rdd_2_1 not found, computing it
18/12/03 15:04:00 INFO CacheManager: Partition rdd_2_0 not found, computing it
18/12/03 15:04:00 INFO HadoopRDD: Input split: file:/home/dbpr/project7/movies.txt:0+57964
18/12/03 15:04:00 INFO HadoopRDD: Input split: file:/home/dbpr/project7/movies.txt:57964+57965
18/12/03 15:04:00 INFO deprecation: mapred.tip.id is deprecated. Instead, use mapreduce.task.id
18/12/03 15:04:00 INFO deprecation: mapred.task.id is deprecated. Instead, use mapreduce.task.attempt.id
18/12/03 15:04:00 INFO deprecation: mapred.task.is.map is deprecated. Instead, use mapreduce.task.ismap
18/12/03 15:04:00 INFO deprecation: mapred.task.partition is deprecated. Instead, use mapreduce.task.partition
18/12/03 15:04:00 INFO deprecation: mapred.job.id is deprecated. Instead, use mapreduce.job.id
18/12/03 15:04:00 INFO MemoryStore: ensureFreeSpace(533552) called with curMem=140056, maxMem=555755765
18/12/03 15:04:00 INFO MemoryStore: Block rdd_2_0 stored as values in memory (estimated size 521.0 KB, free 529.4 MB)
18/12/03 15:04:00 INFO BlockManagerInfo: Added rdd_2_0 in memory on localhost:34821 (size: 521.0 KB, free: 529.5 MB)
18/12/03 15:04:00 INFO MemoryStore: ensureFreeSpace(519192) called with curMem=673608, maxMem=555755765
18/12/03 15:04:00 INFO MemoryStore: Block rdd_2_1 stored as values in memory (estimated size 507.0 KB, free 528.9 MB)
18/12/03 15:04:00 INFO BlockManagerInfo: Added rdd_2_1 in memory on localhost:34821 (size: 507.0 KB, free: 529.0 MB)
18/12/03 15:04:00 INFO Executor: Finished task 0.0 in stage 0.0 (TID 0). 2834 bytes result sent to driver
18/12/03 15:04:00 INFO Executor: Finished task 1.0 in stage 0.0 (TID 1). 2834 bytes result sent to driver
18/12/03 15:04:00 INFO TaskSetManager: Finished task 1.0 in stage 0.0 (TID 1) in 853 ms on localhost (1/2)
18/12/03 15:04:00 INFO TaskSetManager: Finished task 0.0 in stage 0.0 (TID 0) in 905 ms on localhost (2/2)
18/12/03 15:04:00 INFO DAGScheduler: ShuffleMapStage 0 (map at Movie.scala:16) finished in 0.902 s
18/12/03 15:04:00 INFO DAGScheduler: looking for newly runnable stages
18/12/03 15:04:00 INFO DAGScheduler: running: Set()
18/12/03 15:04:00 INFO DAGScheduler: waiting: Set(ResultStage 1)
18/12/03 15:04:00 INFO DAGScheduler: failed: Set()
18/12/03 15:04:00 INFO DAGScheduler: Missing parents for ResultStage 1: List()
18/12/03 15:04:00 INFO DAGScheduler: Submitting ResultStage 1 (MapPartitionsRDD[5] at map at Movie.scala:17), which is now runnable
18/12/03 15:04:00 INFO MemoryStore: ensureFreeSpace(5400) called with curMem=1192800, maxMem=555755765
18/12/03 15:04:00 INFO MemoryStore: Block broadcast_2 stored as values in memory (estimated size 5.3 KB, free 528.9 MB)
18/12/03 15:04:00 INFO MemoryStore: ensureFreeSpace(2800) called with curMem=1198200, maxMem=555755765
18/12/03 15:04:00 INFO MemoryStore: Block broadcast_2_piece0 stored as bytes in memory (estimated size 2.7 KB, free 528.9 MB)
18/12/03 15:04:00 INFO TaskSchedulerImpl: Removed TaskSet 0.0, whose tasks have all completed, from pool 
18/12/03 15:04:00 INFO BlockManagerInfo: Added broadcast_2_piece0 in memory on localhost:34821 (size: 2.7 KB, free: 529.0 MB)
18/12/03 15:04:00 INFO SparkContext: Created broadcast 2 from broadcast at DAGScheduler.scala:861
18/12/03 15:04:00 INFO DAGScheduler: Submitting 2 missing tasks from ResultStage 1 (MapPartitionsRDD[5] at map at Movie.scala:17)
18/12/03 15:04:00 INFO TaskSchedulerImpl: Adding task set 1.0 with 2 tasks
18/12/03 15:04:01 INFO TaskSetManager: Starting task 0.0 in stage 1.0 (TID 2, localhost, PROCESS_LOCAL, 1954 bytes)
18/12/03 15:04:01 INFO TaskSetManager: Starting task 1.0 in stage 1.0 (TID 3, localhost, PROCESS_LOCAL, 1954 bytes)
18/12/03 15:04:01 INFO Executor: Running task 0.0 in stage 1.0 (TID 2)
18/12/03 15:04:01 INFO Executor: Running task 1.0 in stage 1.0 (TID 3)
18/12/03 15:04:01 INFO ShuffleBlockFetcherIterator: Getting 2 non-empty blocks out of 2 blocks
18/12/03 15:04:01 INFO ShuffleBlockFetcherIterator: Started 0 remote fetches in 6 ms
18/12/03 15:04:01 INFO ShuffleBlockFetcherIterator: Getting 2 non-empty blocks out of 2 blocks
18/12/03 15:04:01 INFO ShuffleBlockFetcherIterator: Started 0 remote fetches in 0 ms
18/12/03 15:04:01 INFO Executor: Finished task 1.0 in stage 1.0 (TID 3). 1444 bytes result sent to driver
18/12/03 15:04:01 INFO Executor: Finished task 0.0 in stage 1.0 (TID 2). 1567 bytes result sent to driver
18/12/03 15:04:01 INFO TaskSetManager: Finished task 1.0 in stage 1.0 (TID 3) in 251 ms on localhost (1/2)
18/12/03 15:04:01 INFO TaskSetManager: Finished task 0.0 in stage 1.0 (TID 2) in 294 ms on localhost (2/2)
18/12/03 15:04:01 INFO DAGScheduler: ResultStage 1 (collect at Movie.scala:23) finished in 0.238 s
18/12/03 15:04:01 INFO TaskSchedulerImpl: Removed TaskSet 1.0, whose tasks have all completed, from pool 
18/12/03 15:04:01 INFO DAGScheduler: Job 0 finished: collect at Movie.scala:23, took 1.339138 s
18/12/03 15:04:01 INFO SparkContext: Starting job: collect at Movie.scala:36
18/12/03 15:04:01 INFO DAGScheduler: Registering RDD 6 (map at Movie.scala:29)
18/12/03 15:04:01 INFO DAGScheduler: Got job 1 (collect at Movie.scala:36) with 2 output partitions
18/12/03 15:04:01 INFO DAGScheduler: Final stage: ResultStage 3(collect at Movie.scala:36)
18/12/03 15:04:01 INFO DAGScheduler: Parents of final stage: List(ShuffleMapStage 2)
18/12/03 15:04:01 INFO DAGScheduler: Missing parents: List(ShuffleMapStage 2)
18/12/03 15:04:01 INFO DAGScheduler: Submitting ShuffleMapStage 2 (MapPartitionsRDD[6] at map at Movie.scala:29), which has no missing parents
18/12/03 15:04:01 INFO MemoryStore: ensureFreeSpace(4784) called with curMem=1201000, maxMem=555755765
18/12/03 15:04:01 INFO MemoryStore: Block broadcast_3 stored as values in memory (estimated size 4.7 KB, free 528.9 MB)
18/12/03 15:04:01 INFO MemoryStore: ensureFreeSpace(2562) called with curMem=1205784, maxMem=555755765
18/12/03 15:04:01 INFO MemoryStore: Block broadcast_3_piece0 stored as bytes in memory (estimated size 2.5 KB, free 528.9 MB)
18/12/03 15:04:01 INFO BlockManagerInfo: Added broadcast_3_piece0 in memory on localhost:34821 (size: 2.5 KB, free: 529.0 MB)
18/12/03 15:04:01 INFO SparkContext: Created broadcast 3 from broadcast at DAGScheduler.scala:861
18/12/03 15:04:01 INFO DAGScheduler: Submitting 2 missing tasks from ShuffleMapStage 2 (MapPartitionsRDD[6] at map at Movie.scala:29)
18/12/03 15:04:01 INFO TaskSchedulerImpl: Adding task set 2.0 with 2 tasks
18/12/03 15:04:01 INFO TaskSetManager: Starting task 0.0 in stage 2.0 (TID 4, localhost, PROCESS_LOCAL, 2186 bytes)
18/12/03 15:04:01 INFO TaskSetManager: Starting task 1.0 in stage 2.0 (TID 5, localhost, PROCESS_LOCAL, 2186 bytes)
18/12/03 15:04:01 INFO Executor: Running task 0.0 in stage 2.0 (TID 4)
18/12/03 15:04:01 INFO Executor: Running task 1.0 in stage 2.0 (TID 5)
18/12/03 15:04:01 INFO BlockManager: Found block rdd_2_0 locally
18/12/03 15:04:01 INFO BlockManager: Found block rdd_2_1 locally
18/12/03 15:04:01 INFO Executor: Finished task 0.0 in stage 2.0 (TID 4). 2254 bytes result sent to driver
18/12/03 15:04:01 INFO TaskSetManager: Finished task 0.0 in stage 2.0 (TID 4) in 23 ms on localhost (1/2)
18/12/03 15:04:01 INFO Executor: Finished task 1.0 in stage 2.0 (TID 5). 2254 bytes result sent to driver
18/12/03 15:04:01 INFO TaskSetManager: Finished task 1.0 in stage 2.0 (TID 5) in 27 ms on localhost (2/2)
18/12/03 15:04:01 INFO TaskSchedulerImpl: Removed TaskSet 2.0, whose tasks have all completed, from pool 
18/12/03 15:04:01 INFO DAGScheduler: ShuffleMapStage 2 (map at Movie.scala:29) finished in 0.014 s
18/12/03 15:04:01 INFO DAGScheduler: looking for newly runnable stages
18/12/03 15:04:01 INFO DAGScheduler: running: Set()
18/12/03 15:04:01 INFO DAGScheduler: waiting: Set(ResultStage 3)
18/12/03 15:04:01 INFO DAGScheduler: failed: Set()
18/12/03 15:04:01 INFO DAGScheduler: Missing parents for ResultStage 3: List()
18/12/03 15:04:01 INFO DAGScheduler: Submitting ResultStage 3 (MapPartitionsRDD[8] at map at Movie.scala:30), which is now runnable
18/12/03 15:04:01 INFO MemoryStore: ensureFreeSpace(5400) called with curMem=1208346, maxMem=555755765
18/12/03 15:04:01 INFO MemoryStore: Block broadcast_4 stored as values in memory (estimated size 5.3 KB, free 528.9 MB)
18/12/03 15:04:01 INFO MemoryStore: ensureFreeSpace(2796) called with curMem=1213746, maxMem=555755765
18/12/03 15:04:01 INFO MemoryStore: Block broadcast_4_piece0 stored as bytes in memory (estimated size 2.7 KB, free 528.8 MB)
18/12/03 15:04:01 INFO BlockManagerInfo: Added broadcast_4_piece0 in memory on localhost:34821 (size: 2.7 KB, free: 529.0 MB)
18/12/03 15:04:01 INFO SparkContext: Created broadcast 4 from broadcast at DAGScheduler.scala:861
18/12/03 15:04:01 INFO DAGScheduler: Submitting 2 missing tasks from ResultStage 3 (MapPartitionsRDD[8] at map at Movie.scala:30)
18/12/03 15:04:01 INFO TaskSchedulerImpl: Adding task set 3.0 with 2 tasks
18/12/03 15:04:01 INFO TaskSetManager: Starting task 0.0 in stage 3.0 (TID 6, localhost, PROCESS_LOCAL, 1954 bytes)
18/12/03 15:04:01 INFO TaskSetManager: Starting task 1.0 in stage 3.0 (TID 7, localhost, PROCESS_LOCAL, 1954 bytes)
18/12/03 15:04:01 INFO Executor: Running task 1.0 in stage 3.0 (TID 7)
18/12/03 15:04:01 INFO ShuffleBlockFetcherIterator: Getting 2 non-empty blocks out of 2 blocks
18/12/03 15:04:01 INFO ShuffleBlockFetcherIterator: Started 0 remote fetches in 0 ms
18/12/03 15:04:01 INFO Executor: Running task 0.0 in stage 3.0 (TID 6)
18/12/03 15:04:01 INFO ShuffleBlockFetcherIterator: Getting 2 non-empty blocks out of 2 blocks
18/12/03 15:04:01 INFO ShuffleBlockFetcherIterator: Started 0 remote fetches in 1 ms
18/12/03 15:04:01 INFO Executor: Finished task 0.0 in stage 3.0 (TID 6). 1635 bytes result sent to driver
18/12/03 15:04:01 INFO TaskSetManager: Finished task 0.0 in stage 3.0 (TID 6) in 42 ms on localhost (1/2)
18/12/03 15:04:01 INFO Executor: Finished task 1.0 in stage 3.0 (TID 7). 1658 bytes result sent to driver
18/12/03 15:04:01 INFO TaskSetManager: Finished task 1.0 in stage 3.0 (TID 7) in 70 ms on localhost (2/2)
18/12/03 15:04:01 INFO TaskSchedulerImpl: Removed TaskSet 3.0, whose tasks have all completed, from pool 
18/12/03 15:04:01 INFO DAGScheduler: ResultStage 3 (collect at Movie.scala:36) finished in 0.056 s
18/12/03 15:04:01 INFO DAGScheduler: Job 1 finished: collect at Movie.scala:36, took 0.150441 s
18/12/03 15:04:01 INFO SparkContext: Starting job: collect at Movie.scala:49
18/12/03 15:04:01 INFO DAGScheduler: Registering RDD 9 (map at Movie.scala:41)
18/12/03 15:04:01 INFO DAGScheduler: Got job 2 (collect at Movie.scala:49) with 2 output partitions
18/12/03 15:04:01 INFO DAGScheduler: Final stage: ResultStage 5(collect at Movie.scala:49)
18/12/03 15:04:01 INFO DAGScheduler: Parents of final stage: List(ShuffleMapStage 4)
18/12/03 15:04:01 INFO DAGScheduler: Missing parents: List(ShuffleMapStage 4)
18/12/03 15:04:01 INFO DAGScheduler: Submitting ShuffleMapStage 4 (MapPartitionsRDD[9] at map at Movie.scala:41), which has no missing parents
18/12/03 15:04:01 INFO MemoryStore: ensureFreeSpace(4856) called with curMem=1216542, maxMem=555755765
18/12/03 15:04:01 INFO MemoryStore: Block broadcast_5 stored as values in memory (estimated size 4.7 KB, free 528.8 MB)
18/12/03 15:04:01 INFO MemoryStore: ensureFreeSpace(2603) called with curMem=1221398, maxMem=555755765
18/12/03 15:04:01 INFO MemoryStore: Block broadcast_5_piece0 stored as bytes in memory (estimated size 2.5 KB, free 528.8 MB)
18/12/03 15:04:01 INFO BlockManagerInfo: Added broadcast_5_piece0 in memory on localhost:34821 (size: 2.5 KB, free: 529.0 MB)
18/12/03 15:04:01 INFO SparkContext: Created broadcast 5 from broadcast at DAGScheduler.scala:861
18/12/03 15:04:01 INFO DAGScheduler: Submitting 2 missing tasks from ShuffleMapStage 4 (MapPartitionsRDD[9] at map at Movie.scala:41)
18/12/03 15:04:01 INFO TaskSchedulerImpl: Adding task set 4.0 with 2 tasks
18/12/03 15:04:01 INFO TaskSetManager: Starting task 0.0 in stage 4.0 (TID 8, localhost, PROCESS_LOCAL, 2186 bytes)
18/12/03 15:04:01 INFO TaskSetManager: Starting task 1.0 in stage 4.0 (TID 9, localhost, PROCESS_LOCAL, 2186 bytes)
18/12/03 15:04:01 INFO Executor: Running task 0.0 in stage 4.0 (TID 8)
18/12/03 15:04:01 INFO Executor: Running task 1.0 in stage 4.0 (TID 9)
18/12/03 15:04:01 INFO BlockManager: Found block rdd_2_1 locally
18/12/03 15:04:01 INFO BlockManager: Found block rdd_2_0 locally
18/12/03 15:04:01 INFO Executor: Finished task 1.0 in stage 4.0 (TID 9). 2254 bytes result sent to driver
18/12/03 15:04:01 INFO TaskSetManager: Finished task 1.0 in stage 4.0 (TID 9) in 63 ms on localhost (1/2)
18/12/03 15:04:01 INFO Executor: Finished task 0.0 in stage 4.0 (TID 8). 2254 bytes result sent to driver
18/12/03 15:04:01 INFO TaskSetManager: Finished task 0.0 in stage 4.0 (TID 8) in 88 ms on localhost (2/2)
18/12/03 15:04:01 INFO TaskSchedulerImpl: Removed TaskSet 4.0, whose tasks have all completed, from pool 
18/12/03 15:04:01 INFO DAGScheduler: ShuffleMapStage 4 (map at Movie.scala:41) finished in 0.085 s
18/12/03 15:04:01 INFO DAGScheduler: looking for newly runnable stages
18/12/03 15:04:01 INFO DAGScheduler: running: Set()
18/12/03 15:04:01 INFO DAGScheduler: waiting: Set(ResultStage 5)
18/12/03 15:04:01 INFO DAGScheduler: failed: Set()
18/12/03 15:04:01 INFO DAGScheduler: Missing parents for ResultStage 5: List()
18/12/03 15:04:01 INFO DAGScheduler: Submitting ResultStage 5 (MapPartitionsRDD[11] at map at Movie.scala:43), which is now runnable
18/12/03 15:04:01 INFO MemoryStore: ensureFreeSpace(5480) called with curMem=1224001, maxMem=555755765
18/12/03 15:04:01 INFO MemoryStore: Block broadcast_6 stored as values in memory (estimated size 5.4 KB, free 528.8 MB)
18/12/03 15:04:01 INFO MemoryStore: ensureFreeSpace(2836) called with curMem=1229481, maxMem=555755765
18/12/03 15:04:01 INFO MemoryStore: Block broadcast_6_piece0 stored as bytes in memory (estimated size 2.8 KB, free 528.8 MB)
18/12/03 15:04:01 INFO BlockManagerInfo: Added broadcast_6_piece0 in memory on localhost:34821 (size: 2.8 KB, free: 529.0 MB)
18/12/03 15:04:01 INFO SparkContext: Created broadcast 6 from broadcast at DAGScheduler.scala:861
18/12/03 15:04:01 INFO DAGScheduler: Submitting 2 missing tasks from ResultStage 5 (MapPartitionsRDD[11] at map at Movie.scala:43)
18/12/03 15:04:01 INFO TaskSchedulerImpl: Adding task set 5.0 with 2 tasks
18/12/03 15:04:01 INFO TaskSetManager: Starting task 0.0 in stage 5.0 (TID 10, localhost, PROCESS_LOCAL, 1954 bytes)
18/12/03 15:04:01 INFO TaskSetManager: Starting task 1.0 in stage 5.0 (TID 11, localhost, PROCESS_LOCAL, 1954 bytes)
18/12/03 15:04:01 INFO Executor: Running task 0.0 in stage 5.0 (TID 10)
18/12/03 15:04:01 INFO ShuffleBlockFetcherIterator: Getting 2 non-empty blocks out of 2 blocks
18/12/03 15:04:01 INFO ShuffleBlockFetcherIterator: Started 0 remote fetches in 0 ms
18/12/03 15:04:01 INFO Executor: Running task 1.0 in stage 5.0 (TID 11)
18/12/03 15:04:01 INFO ShuffleBlockFetcherIterator: Getting 2 non-empty blocks out of 2 blocks
18/12/03 15:04:01 INFO ShuffleBlockFetcherIterator: Started 0 remote fetches in 0 ms
18/12/03 15:04:01 INFO Executor: Finished task 0.0 in stage 5.0 (TID 10). 7397 bytes result sent to driver
18/12/03 15:04:01 INFO TaskSetManager: Finished task 0.0 in stage 5.0 (TID 10) in 111 ms on localhost (1/2)
18/12/03 15:04:01 INFO Executor: Finished task 1.0 in stage 5.0 (TID 11). 7360 bytes result sent to driver
18/12/03 15:04:01 INFO TaskSetManager: Finished task 1.0 in stage 5.0 (TID 11) in 135 ms on localhost (2/2)
18/12/03 15:04:01 INFO TaskSchedulerImpl: Removed TaskSet 5.0, whose tasks have all completed, from pool 
18/12/03 15:04:01 INFO DAGScheduler: ResultStage 5 (collect at Movie.scala:49) finished in 0.123 s
18/12/03 15:04:01 INFO DAGScheduler: Job 2 finished: collect at Movie.scala:49, took 0.250100 s
18/12/03 15:04:01 INFO SparkContext: Starting job: collect at Movie.scala:67
18/12/03 15:04:01 INFO DAGScheduler: Registering RDD 12 (map at Movie.scala:54)
18/12/03 15:04:01 INFO DAGScheduler: Got job 3 (collect at Movie.scala:67) with 2 output partitions
18/12/03 15:04:01 INFO DAGScheduler: Final stage: ResultStage 7(collect at Movie.scala:67)
18/12/03 15:04:01 INFO DAGScheduler: Parents of final stage: List(ShuffleMapStage 6)
18/12/03 15:04:01 INFO DAGScheduler: Missing parents: List(ShuffleMapStage 6)
18/12/03 15:04:01 INFO DAGScheduler: Submitting ShuffleMapStage 6 (MapPartitionsRDD[12] at map at Movie.scala:54), which has no missing parents
18/12/03 15:04:01 INFO MemoryStore: ensureFreeSpace(4864) called with curMem=1232317, maxMem=555755765
18/12/03 15:04:01 INFO MemoryStore: Block broadcast_7 stored as values in memory (estimated size 4.8 KB, free 528.8 MB)
18/12/03 15:04:01 INFO MemoryStore: ensureFreeSpace(2600) called with curMem=1237181, maxMem=555755765
18/12/03 15:04:01 INFO MemoryStore: Block broadcast_7_piece0 stored as bytes in memory (estimated size 2.5 KB, free 528.8 MB)
18/12/03 15:04:01 INFO BlockManagerInfo: Added broadcast_7_piece0 in memory on localhost:34821 (size: 2.5 KB, free: 529.0 MB)
18/12/03 15:04:01 INFO SparkContext: Created broadcast 7 from broadcast at DAGScheduler.scala:861
18/12/03 15:04:01 INFO DAGScheduler: Submitting 2 missing tasks from ShuffleMapStage 6 (MapPartitionsRDD[12] at map at Movie.scala:54)
18/12/03 15:04:01 INFO TaskSchedulerImpl: Adding task set 6.0 with 2 tasks
18/12/03 15:04:01 INFO TaskSetManager: Starting task 0.0 in stage 6.0 (TID 12, localhost, PROCESS_LOCAL, 2186 bytes)
18/12/03 15:04:01 INFO TaskSetManager: Starting task 1.0 in stage 6.0 (TID 13, localhost, PROCESS_LOCAL, 2186 bytes)
18/12/03 15:04:01 INFO Executor: Running task 1.0 in stage 6.0 (TID 13)
18/12/03 15:04:01 INFO Executor: Running task 0.0 in stage 6.0 (TID 12)
18/12/03 15:04:01 INFO BlockManager: Found block rdd_2_1 locally
18/12/03 15:04:01 INFO BlockManager: Found block rdd_2_0 locally
18/12/03 15:04:01 INFO Executor: Finished task 1.0 in stage 6.0 (TID 13). 2254 bytes result sent to driver
18/12/03 15:04:01 INFO TaskSetManager: Finished task 1.0 in stage 6.0 (TID 13) in 40 ms on localhost (1/2)
18/12/03 15:04:01 INFO Executor: Finished task 0.0 in stage 6.0 (TID 12). 2254 bytes result sent to driver
18/12/03 15:04:01 INFO TaskSetManager: Finished task 0.0 in stage 6.0 (TID 12) in 51 ms on localhost (2/2)
18/12/03 15:04:01 INFO TaskSchedulerImpl: Removed TaskSet 6.0, whose tasks have all completed, from pool 
18/12/03 15:04:01 INFO DAGScheduler: ShuffleMapStage 6 (map at Movie.scala:54) finished in 0.049 s
18/12/03 15:04:01 INFO DAGScheduler: looking for newly runnable stages
18/12/03 15:04:01 INFO DAGScheduler: running: Set()
18/12/03 15:04:01 INFO DAGScheduler: waiting: Set(ResultStage 7)
18/12/03 15:04:01 INFO DAGScheduler: failed: Set()
18/12/03 15:04:01 INFO DAGScheduler: Missing parents for ResultStage 7: List()
18/12/03 15:04:01 INFO DAGScheduler: Submitting ResultStage 7 (MapPartitionsRDD[14] at map at Movie.scala:56), which is now runnable
18/12/03 15:04:01 INFO MemoryStore: ensureFreeSpace(5480) called with curMem=1239781, maxMem=555755765
18/12/03 15:04:01 INFO MemoryStore: Block broadcast_8 stored as values in memory (estimated size 5.4 KB, free 528.8 MB)
18/12/03 15:04:01 INFO MemoryStore: ensureFreeSpace(2845) called with curMem=1245261, maxMem=555755765
18/12/03 15:04:01 INFO MemoryStore: Block broadcast_8_piece0 stored as bytes in memory (estimated size 2.8 KB, free 528.8 MB)
18/12/03 15:04:01 INFO BlockManagerInfo: Added broadcast_8_piece0 in memory on localhost:34821 (size: 2.8 KB, free: 529.0 MB)
18/12/03 15:04:01 INFO SparkContext: Created broadcast 8 from broadcast at DAGScheduler.scala:861
18/12/03 15:04:01 INFO DAGScheduler: Submitting 2 missing tasks from ResultStage 7 (MapPartitionsRDD[14] at map at Movie.scala:56)
18/12/03 15:04:01 INFO TaskSchedulerImpl: Adding task set 7.0 with 2 tasks
18/12/03 15:04:01 INFO TaskSetManager: Starting task 0.0 in stage 7.0 (TID 14, localhost, PROCESS_LOCAL, 1954 bytes)
18/12/03 15:04:01 INFO TaskSetManager: Starting task 1.0 in stage 7.0 (TID 15, localhost, PROCESS_LOCAL, 1954 bytes)
18/12/03 15:04:01 INFO Executor: Running task 1.0 in stage 7.0 (TID 15)
18/12/03 15:04:01 INFO ShuffleBlockFetcherIterator: Getting 2 non-empty blocks out of 2 blocks
18/12/03 15:04:01 INFO ShuffleBlockFetcherIterator: Started 0 remote fetches in 1 ms
18/12/03 15:04:01 INFO Executor: Running task 0.0 in stage 7.0 (TID 14)
18/12/03 15:04:02 INFO ShuffleBlockFetcherIterator: Getting 2 non-empty blocks out of 2 blocks
18/12/03 15:04:02 INFO ShuffleBlockFetcherIterator: Started 0 remote fetches in 1 ms
18/12/03 15:04:02 INFO Executor: Finished task 1.0 in stage 7.0 (TID 15). 11098 bytes result sent to driver
18/12/03 15:04:02 INFO TaskSetManager: Finished task 1.0 in stage 7.0 (TID 15) in 323 ms on localhost (1/2)
18/12/03 15:04:02 INFO Executor: Finished task 0.0 in stage 7.0 (TID 14). 11125 bytes result sent to driver
18/12/03 15:04:02 INFO TaskSetManager: Finished task 0.0 in stage 7.0 (TID 14) in 327 ms on localhost (2/2)
18/12/03 15:04:02 INFO TaskSchedulerImpl: Removed TaskSet 7.0, whose tasks have all completed, from pool 
18/12/03 15:04:02 INFO DAGScheduler: ResultStage 7 (collect at Movie.scala:67) finished in 0.332 s
18/12/03 15:04:02 INFO DAGScheduler: Job 3 finished: collect at Movie.scala:67, took 0.405209 s
18/12/03 15:04:02 INFO SparkUI: Stopped Spark web UI at http://198.202.118.164:4040
18/12/03 15:04:02 INFO DAGScheduler: Stopping DAGScheduler
18/12/03 15:04:02 INFO MapOutputTrackerMasterEndpoint: MapOutputTrackerMasterEndpoint stopped!
18/12/03 15:04:02 INFO MemoryStore: MemoryStore cleared
18/12/03 15:04:02 INFO BlockManager: BlockManager stopped
18/12/03 15:04:02 INFO BlockManagerMaster: BlockManagerMaster stopped
18/12/03 15:04:02 INFO OutputCommitCoordinator$OutputCommitCoordinatorEndpoint: OutputCommitCoordinator stopped!
18/12/03 15:04:02 INFO SparkContext: Successfully stopped SparkContext
18/12/03 15:04:02 INFO ShutdownHookManager: Shutdown hook called
18/12/03 15:04:02 INFO ShutdownHookManager: Deleting directory /tmp/spark-3622e7ce-1e8d-456a-9965-015a037a0ad1
18/12/03 15:04:02 INFO RemoteActorRefProvider$RemotingTerminator: Shutting down remote daemon.
18/12/03 15:04:02 INFO RemoteActorRefProvider$RemotingTerminator: Remote daemon shut down; proceeding with flushing remote transports.
